2020-09-08 11:12:43.398  INFO 18428 --- [main] com.module.SpringUtilsApplication        : Starting SpringUtilsApplication on DESKTOP-E0G63CJ with PID 18428 (E:\workspace\spring\spring-utils\target\classes started by mhesmkhani in E:\workspace\spring\spring-utils)
2020-09-08 11:12:43.406  INFO 18428 --- [main] com.module.SpringUtilsApplication        : No active profile set, falling back to default profiles: default
2020-09-08 11:12:44.033  INFO 18428 --- [main] .s.d.r.c.RepositoryConfigurationDelegate : Bootstrapping Spring Data JPA repositories in DEFERRED mode.
2020-09-08 11:12:44.099  INFO 18428 --- [main] .s.d.r.c.RepositoryConfigurationDelegate : Finished Spring Data repository scanning in 57ms. Found 2 JPA repository interfaces.
2020-09-08 11:12:44.742  INFO 18428 --- [main] o.s.b.w.embedded.tomcat.TomcatWebServer  : Tomcat initialized with port(s): 1000 (http)
2020-09-08 11:12:44.752  INFO 18428 --- [main] o.apache.catalina.core.StandardService   : Starting service [Tomcat]
2020-09-08 11:12:44.752  INFO 18428 --- [main] org.apache.catalina.core.StandardEngine  : Starting Servlet engine: [Apache Tomcat/9.0.37]
2020-09-08 11:12:44.865  INFO 18428 --- [main] o.a.c.c.C.[Tomcat].[localhost].[/]       : Initializing Spring embedded WebApplicationContext
2020-09-08 11:12:44.865  INFO 18428 --- [main] w.s.c.ServletWebServerApplicationContext : Root WebApplicationContext: initialization completed in 1416 ms
2020-09-08 11:12:45.124  INFO 18428 --- [main] o.s.s.concurrent.ThreadPoolTaskExecutor  : Initializing ExecutorService 'applicationTaskExecutor'
2020-09-08 11:12:45.131  INFO 18428 --- [main] com.zaxxer.hikari.HikariDataSource       : HikariPool-1 - Starting...
2020-09-08 11:12:45.583  INFO 18428 --- [main] com.zaxxer.hikari.HikariDataSource       : HikariPool-1 - Start completed.
2020-09-08 11:12:45.640  INFO 18428 --- [task-1] o.hibernate.jpa.internal.util.LogHelper  : HHH000204: Processing PersistenceUnitInfo [
	name: default
	...]
2020-09-08 11:12:45.693  WARN 18428 --- [main] JpaBaseConfiguration$JpaWebConfiguration : spring.jpa.open-in-view is enabled by default. Therefore, database queries may be performed during view rendering. Explicitly configure spring.jpa.open-in-view to disable this warning
2020-09-08 11:12:45.739  INFO 18428 --- [task-1] org.hibernate.Version                    : HHH000412: Hibernate Core {5.3.7.Final}
2020-09-08 11:12:45.740  INFO 18428 --- [task-1] org.hibernate.cfg.Environment            : HHH000206: hibernate.properties not found
2020-09-08 11:12:45.944  INFO 18428 --- [task-1] o.hibernate.annotations.common.Version   : HCANN000001: Hibernate Commons Annotations {5.0.4.Final}
2020-09-08 11:12:46.053  INFO 18428 --- [main] o.s.b.w.embedded.tomcat.TomcatWebServer  : Tomcat started on port(s): 1000 (http) with context path ''
2020-09-08 11:12:46.093  INFO 18428 --- [main] DeferredRepositoryInitializationListener : Triggering deferred initialization of Spring Data repositories…
2020-09-08 11:12:46.100  INFO 18428 --- [task-1] org.hibernate.dialect.Dialect            : HHH000400: Using dialect: org.hibernate.dialect.SQLServer2012Dialect
2020-09-08 11:12:46.603  INFO 18428 --- [task-1] j.LocalContainerEntityManagerFactoryBean : Initialized JPA EntityManagerFactory for persistence unit 'default'
2020-09-08 11:12:46.857  INFO 18428 --- [main] DeferredRepositoryInitializationListener : Spring Data repositories initialized!
2020-09-08 11:12:46.861  INFO 18428 --- [main] com.module.SpringUtilsApplication        : Started SpringUtilsApplication in 3.867 seconds (JVM running for 4.327)
2020-09-08 11:13:21.084  INFO 18428 --- [http-nio-1000-exec-2] o.a.c.c.C.[Tomcat].[localhost].[/]       : Initializing Spring DispatcherServlet 'dispatcherServlet'
2020-09-08 11:13:21.084  INFO 18428 --- [http-nio-1000-exec-2] o.s.web.servlet.DispatcherServlet        : Initializing Servlet 'dispatcherServlet'
2020-09-08 11:13:21.089  INFO 18428 --- [http-nio-1000-exec-2] o.s.web.servlet.DispatcherServlet        : Completed initialization in 5 ms
2020-09-08 11:13:21.142  INFO 18428 --- [http-nio-1000-exec-2] o.h.h.i.QueryTranslatorFactoryInitiator  : HHH000397: Using ASTQueryTranslatorFactory
2020-09-08 11:15:01.244  INFO 19860 --- [main] com.module.SpringUtilsApplication        : Starting SpringUtilsApplication on DESKTOP-E0G63CJ with PID 19860 (E:\workspace\spring\spring-utils\target\classes started by mhesmkhani in E:\workspace\spring\spring-utils)
2020-09-08 11:15:01.246  INFO 19860 --- [main] com.module.SpringUtilsApplication        : No active profile set, falling back to default profiles: default
2020-09-08 11:15:01.771  INFO 19860 --- [main] .s.d.r.c.RepositoryConfigurationDelegate : Bootstrapping Spring Data JPA repositories in DEFERRED mode.
2020-09-08 11:15:01.829  INFO 19860 --- [main] .s.d.r.c.RepositoryConfigurationDelegate : Finished Spring Data repository scanning in 49ms. Found 2 JPA repository interfaces.
2020-09-08 11:15:02.383  INFO 19860 --- [main] o.s.b.w.embedded.tomcat.TomcatWebServer  : Tomcat initialized with port(s): 1000 (http)
2020-09-08 11:15:02.390  INFO 19860 --- [main] o.apache.catalina.core.StandardService   : Starting service [Tomcat]
2020-09-08 11:15:02.391  INFO 19860 --- [main] org.apache.catalina.core.StandardEngine  : Starting Servlet engine: [Apache Tomcat/9.0.37]
2020-09-08 11:15:02.494  INFO 19860 --- [main] o.a.c.c.C.[Tomcat].[localhost].[/]       : Initializing Spring embedded WebApplicationContext
2020-09-08 11:15:02.494  INFO 19860 --- [main] w.s.c.ServletWebServerApplicationContext : Root WebApplicationContext: initialization completed in 1212 ms
2020-09-08 11:15:02.700  INFO 19860 --- [main] o.s.s.concurrent.ThreadPoolTaskExecutor  : Initializing ExecutorService 'applicationTaskExecutor'
2020-09-08 11:15:02.707  INFO 19860 --- [main] com.zaxxer.hikari.HikariDataSource       : HikariPool-1 - Starting...
2020-09-08 11:15:03.044  INFO 19860 --- [main] com.zaxxer.hikari.HikariDataSource       : HikariPool-1 - Start completed.
2020-09-08 11:15:03.085  INFO 19860 --- [task-1] o.hibernate.jpa.internal.util.LogHelper  : HHH000204: Processing PersistenceUnitInfo [
	name: default
	...]
2020-09-08 11:15:03.139  WARN 19860 --- [main] JpaBaseConfiguration$JpaWebConfiguration : spring.jpa.open-in-view is enabled by default. Therefore, database queries may be performed during view rendering. Explicitly configure spring.jpa.open-in-view to disable this warning
2020-09-08 11:15:03.143  INFO 19860 --- [task-1] org.hibernate.Version                    : HHH000412: Hibernate Core {5.3.7.Final}
2020-09-08 11:15:03.144  INFO 19860 --- [task-1] org.hibernate.cfg.Environment            : HHH000206: hibernate.properties not found
2020-09-08 11:15:03.285  INFO 19860 --- [task-1] o.hibernate.annotations.common.Version   : HCANN000001: Hibernate Commons Annotations {5.0.4.Final}
2020-09-08 11:15:03.393  INFO 19860 --- [task-1] org.hibernate.dialect.Dialect            : HHH000400: Using dialect: org.hibernate.dialect.SQLServer2012Dialect
2020-09-08 11:15:03.500  INFO 19860 --- [main] o.s.b.w.embedded.tomcat.TomcatWebServer  : Tomcat started on port(s): 1000 (http) with context path ''
2020-09-08 11:15:03.501  INFO 19860 --- [main] DeferredRepositoryInitializationListener : Triggering deferred initialization of Spring Data repositories…
2020-09-08 11:15:03.862  INFO 19860 --- [task-1] j.LocalContainerEntityManagerFactoryBean : Initialized JPA EntityManagerFactory for persistence unit 'default'
2020-09-08 11:15:04.095  INFO 19860 --- [main] DeferredRepositoryInitializationListener : Spring Data repositories initialized!
2020-09-08 11:15:04.100  INFO 19860 --- [main] com.module.SpringUtilsApplication        : Started SpringUtilsApplication in 3.164 seconds (JVM running for 3.494)
2020-09-08 11:15:08.013  INFO 19860 --- [http-nio-1000-exec-2] o.a.c.c.C.[Tomcat].[localhost].[/]       : Initializing Spring DispatcherServlet 'dispatcherServlet'
2020-09-08 11:15:08.013  INFO 19860 --- [http-nio-1000-exec-2] o.s.web.servlet.DispatcherServlet        : Initializing Servlet 'dispatcherServlet'
2020-09-08 11:15:08.017  INFO 19860 --- [http-nio-1000-exec-2] o.s.web.servlet.DispatcherServlet        : Completed initialization in 4 ms
2020-09-08 11:15:08.087  INFO 19860 --- [http-nio-1000-exec-2] o.h.h.i.QueryTranslatorFactoryInitiator  : HHH000397: Using ASTQueryTranslatorFactory
2020-09-08 11:21:34.931  INFO 23320 --- [main] com.module.SpringUtilsApplication        : Starting SpringUtilsApplication on DESKTOP-E0G63CJ with PID 23320 (E:\workspace\spring\spring-utils\target\classes started by mhesmkhani in E:\workspace\spring\spring-utils)
2020-09-08 11:21:34.933  INFO 23320 --- [main] com.module.SpringUtilsApplication        : No active profile set, falling back to default profiles: default
2020-09-08 11:21:35.460  INFO 23320 --- [main] .s.d.r.c.RepositoryConfigurationDelegate : Bootstrapping Spring Data JPA repositories in DEFERRED mode.
2020-09-08 11:21:35.519  INFO 23320 --- [main] .s.d.r.c.RepositoryConfigurationDelegate : Finished Spring Data repository scanning in 49ms. Found 2 JPA repository interfaces.
2020-09-08 11:21:36.168  INFO 23320 --- [main] o.s.b.w.embedded.tomcat.TomcatWebServer  : Tomcat initialized with port(s): 1000 (http)
2020-09-08 11:21:36.175  INFO 23320 --- [main] o.apache.catalina.core.StandardService   : Starting service [Tomcat]
2020-09-08 11:21:36.175  INFO 23320 --- [main] org.apache.catalina.core.StandardEngine  : Starting Servlet engine: [Apache Tomcat/9.0.37]
2020-09-08 11:21:36.283  INFO 23320 --- [main] o.a.c.c.C.[Tomcat].[localhost].[/]       : Initializing Spring embedded WebApplicationContext
2020-09-08 11:21:36.283  INFO 23320 --- [main] w.s.c.ServletWebServerApplicationContext : Root WebApplicationContext: initialization completed in 1308 ms
2020-09-08 11:21:36.490  INFO 23320 --- [main] o.s.s.concurrent.ThreadPoolTaskExecutor  : Initializing ExecutorService 'applicationTaskExecutor'
2020-09-08 11:21:36.497  INFO 23320 --- [main] com.zaxxer.hikari.HikariDataSource       : HikariPool-1 - Starting...
2020-09-08 11:21:36.841  INFO 23320 --- [main] com.zaxxer.hikari.HikariDataSource       : HikariPool-1 - Start completed.
2020-09-08 11:21:36.885  INFO 23320 --- [task-1] o.hibernate.jpa.internal.util.LogHelper  : HHH000204: Processing PersistenceUnitInfo [
	name: default
	...]
2020-09-08 11:21:36.949  WARN 23320 --- [main] JpaBaseConfiguration$JpaWebConfiguration : spring.jpa.open-in-view is enabled by default. Therefore, database queries may be performed during view rendering. Explicitly configure spring.jpa.open-in-view to disable this warning
2020-09-08 11:21:36.954  INFO 23320 --- [task-1] org.hibernate.Version                    : HHH000412: Hibernate Core {5.3.7.Final}
2020-09-08 11:21:36.956  INFO 23320 --- [task-1] org.hibernate.cfg.Environment            : HHH000206: hibernate.properties not found
2020-09-08 11:21:37.128  INFO 23320 --- [task-1] o.hibernate.annotations.common.Version   : HCANN000001: Hibernate Commons Annotations {5.0.4.Final}
2020-09-08 11:21:37.238  INFO 23320 --- [task-1] org.hibernate.dialect.Dialect            : HHH000400: Using dialect: org.hibernate.dialect.SQLServer2012Dialect
2020-09-08 11:21:37.356  INFO 23320 --- [main] o.s.b.w.embedded.tomcat.TomcatWebServer  : Tomcat started on port(s): 1000 (http) with context path ''
2020-09-08 11:21:37.358  INFO 23320 --- [main] DeferredRepositoryInitializationListener : Triggering deferred initialization of Spring Data repositories…
2020-09-08 11:21:37.731  INFO 23320 --- [task-1] j.LocalContainerEntityManagerFactoryBean : Initialized JPA EntityManagerFactory for persistence unit 'default'
2020-09-08 11:21:37.985  INFO 23320 --- [main] DeferredRepositoryInitializationListener : Spring Data repositories initialized!
2020-09-08 11:21:37.990  INFO 23320 --- [main] com.module.SpringUtilsApplication        : Started SpringUtilsApplication in 3.541 seconds (JVM running for 3.921)
2020-09-08 11:22:12.557  INFO 23320 --- [http-nio-1000-exec-2] o.a.c.c.C.[Tomcat].[localhost].[/]       : Initializing Spring DispatcherServlet 'dispatcherServlet'
2020-09-08 11:22:12.557  INFO 23320 --- [http-nio-1000-exec-2] o.s.web.servlet.DispatcherServlet        : Initializing Servlet 'dispatcherServlet'
2020-09-08 11:22:12.566  INFO 23320 --- [http-nio-1000-exec-2] o.s.web.servlet.DispatcherServlet        : Completed initialization in 8 ms
2020-09-08 11:22:12.622  INFO 23320 --- [http-nio-1000-exec-2] o.h.h.i.QueryTranslatorFactoryInitiator  : HHH000397: Using ASTQueryTranslatorFactory
